Start testing: Oct 20 12:09 India Standard Time
----------------------------------------------------------
1/1 Testing: matching_engine_tests
1/1 Test: matching_engine_tests
Command: "C:/Users/ASUS/Projects/matching_engine_cpp/build/Release/tests.exe"
Directory: C:/Users/ASUS/Projects/matching_engine_cpp/build
"matching_engine_tests" start time: Oct 20 12:09 India Standard Time
Output:
----------------------------------------------------------
===============================================================================
All tests passed (13 assertions in 8 test cases)

<end of output>
Test time =   0.07 sec
----------------------------------------------------------
Test Passed.
"matching_engine_tests" end time: Oct 20 12:09 India Standard Time
"matching_engine_tests" time elapsed: 00:00:00
----------------------------------------------------------

End testing: Oct 20 12:09 India Standard Time
